<?xml version="1.0" encoding="UTF-8"?>
<testsuite name="com.example.ApplicationTest" tests="1" skipped="0" failures="0" errors="0" timestamp="2026-03-24T15:41:04.828Z" hostname="codespaces-6ad729" time="2.224">
  <properties/>
  <testcase name="testRoot" classname="com.example.ApplicationTest" time="2.213"/>
  <system-out><![CDATA[2026-03-24 15:41:06.193 [DefaultDispatcher-worker-2 @call-context#3] INFO  io.ktor.test - No ktor.deployment.watch patterns specified, automatic reload is not active.
2026-03-24 15:41:06.825 [DefaultDispatcher-worker-2 @call-context#3] INFO  io.ktor.test - Application started in 0.671 seconds.
2026-03-24 15:41:06.828 [DefaultDispatcher-worker-3 @coroutine#5] INFO  io.ktor.test - Responding at http://localhost:80
2026-03-24 15:41:06.833 [DefaultDispatcher-worker-3 @coroutine#5] INFO  io.ktor.test - Responding at https://localhost:443
]]></system-out>
  <system-err><![CDATA[]]></system-err>
</testsuite>
